#
# There is insufficient memory for the Java Runtime Environment to continue.
# Native memory allocation (malloc) failed to allocate 987856 bytes for Chunk::new
# Possible reasons:
#   The system is out of physical RAM or swap space
#   The process is running with CompressedOops enabled, and the Java Heap may be blocking the growth of the native heap
# Possible solutions:
#   Reduce memory load on the system
#   Increase physical memory or swap space
#   Check if swap backing store is full
#   Decrease Java heap size (-Xmx/-Xms)
#   Decrease number of Java threads
#   Decrease Java thread stack sizes (-Xss)
#   Set larger code cache with -XX:ReservedCodeCacheSize=
#   JVM is running with Unscaled Compressed Oops mode in which the Java heap is
#     placed in the first 4GB address space. The Java Heap base address is the
#     maximum limit for the native heap growth. Please use -XX:HeapBaseMinAddress
#     to set the Java Heap base and to place the Java Heap above 4GB virtual address.
# This output file may be truncated or incomplete.
#
#  Out of Memory Error (c:/BuildAgent/work/5ff2f6c26000d570/src/hotspot/share/memory/arena.cpp:197), pid=33940, tid=20216
#
# JRE version: OpenJDK Runtime Environment (11.0.4+10) (build 11.0.4+10-b304.69)
# Java VM: OpenJDK 64-Bit Server VM (11.0.4+10-b304.69, mixed mode, sharing, tiered, compressed oops, g1 gc, windows-amd64)
# No core dump will be written. Minidumps are not enabled by default on client versions of Windows
#

---------------  S U M M A R Y ------------

Command Line: -javaagent:C:\Users\39452\.IdeaIC2019.2\system\testAgent\intellij-coverage-agent-1.0.508.jar=C:\Users\39452\AppData\Local\Temp\coverageargs -javaagent:D:\ruanjian\IntelliJ IDEA Community Edition 2019.2.3\lib\idea_rt.jar=55178:D:\ruanjian\IntelliJ IDEA Community Edition 2019.2.3\bin -Dfile.encoding=UTF-8 sample.Main

Host: Intel(R) Core(TM) i5-8300H CPU @ 2.30GHz, 8 cores, 7G,  Windows 10 , 64 bit Build 17134 (10.0.17134.753)
Time: Mon Mar 16 22:33:43 2020 ?D1ú±ê×?ê±?? elapsed time: 1 seconds (0d 0h 0m 1s)

---------------  T H R E A D  ---------------

Current thread (0x0000028c42e55000):  JavaThread "C2 CompilerThread0" daemon [_thread_in_native, id=20216, stack(0x000000f9da800000,0x000000f9da900000)]


Current CompileTask:
C2:   1505 1931 %     4       com.sun.marlin.DRenderer::_endRendering @ 779 (2489 bytes)

Stack: [0x000000f9da800000,0x000000f9da900000]
Native frames: (J=compiled Java code, j=interpreted, Vv=VM code, C=native code)
V  [jvm.dll+0x5db31a]
V  [jvm.dll+0x70c395]
V  [jvm.dll+0x70d8b8]
V  [jvm.dll+0x70df83]
V  [jvm.dll+0x23dbb8]
V  [jvm.dll+0xb91fc]
V  [jvm.dll+0xb96fc]
V  [jvm.dll+0x34f3cb]
V  [jvm.dll+0x19456c]
V  [jvm.dll+0x1f793e]
V  [jvm.dll+0x1f6a04]
V  [jvm.dll+0x17fd7c]
V  [jvm.dll+0x204d17]
V  [jvm.dll+0x2035b2]
V  [jvm.dll+0x6d956f]
V  [jvm.dll+0x6d236d]
V  [jvm.dll+0x5da5e6]
C  [ucrtbase.dll+0x1e3fe]
C  [KERNEL32.DLL+0x14034]
C  [ntdll.dll+0x73691]


---------------  P R O C E S S  ---------------

Threads class SMR info:
_java_thread_list=0x0000028c54d94ee0, length=20, elements={
0x0000028c27ecc000, 0x0000028c42e34000, 0x0000028c42e35800, 0x0000028c42e51800,
0x0000028c42e52800, 0x0000028c42e55000, 0x0000028c42e62000, 0x0000028c42e68000,
0x0000028c42e15000, 0x0000028c43807000, 0x0000028c43910000, 0x0000028c43917000,
0x0000028c43c10000, 0x0000028c43db9800, 0x0000028c43dab800, 0x0000028c441ec000,
0x0000028c44210800, 0x0000028c4eddb800, 0x0000028c4eecc000, 0x0000028c55001800
}

Java Threads: ( => current thread )
  0x0000028c27ecc000 JavaThread "main" [_thread_blocked, id=34804, stack(0x000000f9d9d00000,0x000000f9d9e00000)]
  0x0000028c42e34000 JavaThread "Reference Handler" daemon [_thread_blocked, id=35436, stack(0x000000f9da400000,0x000000f9da500000)]
  0x0000028c42e35800 JavaThread "Finalizer" daemon [_thread_blocked, id=26020, stack(0x000000f9da500000,0x000000f9da600000)]
  0x0000028c42e51800 JavaThread "Signal Dispatcher" daemon [_thread_blocked, id=27584, stack(0x000000f9da600000,0x000000f9da700000)]
  0x0000028c42e52800 JavaThread "Attach Listener" daemon [_thread_blocked, id=31440, stack(0x000000f9da700000,0x000000f9da800000)]
=>0x0000028c42e55000 JavaThread "C2 CompilerThread0" daemon [_thread_in_native, id=20216, stack(0x000000f9da800000,0x000000f9da900000)]
  0x0000028c42e62000 JavaThread "C1 CompilerThread0" daemon [_thread_blocked, id=21920, stack(0x000000f9da900000,0x000000f9daa00000)]
  0x0000028c42e68000 JavaThread "Sweeper thread" daemon [_thread_blocked, id=33424, stack(0x000000f9daa00000,0x000000f9dab00000)]
  0x0000028c42e15000 JavaThread "Common-Cleaner" daemon [_thread_blocked, id=31600, stack(0x000000f9dab00000,0x000000f9dac00000)]
  0x0000028c43807000 JavaThread "C2 CompilerThread1" daemon [_thread_blocked, id=38092, stack(0x000000f9dac00000,0x000000f9dad00000)]
  0x0000028c43910000 JavaThread "Monitor Ctrl-Break" daemon [_thread_in_native, id=10896, stack(0x000000f9dad00000,0x000000f9dae00000)]
  0x0000028c43917000 JavaThread "Service Thread" daemon [_thread_blocked, id=8076, stack(0x000000f9dae00000,0x000000f9daf00000)]
  0x0000028c43c10000 JavaThread "QuantumRenderer-0" daemon [_thread_blocked, id=29844, stack(0x000000f9db000000,0x000000f9db100000)]
  0x0000028c43db9800 JavaThread "InvokeLaterDispatcher" daemon [_thread_blocked, id=33908, stack(0x000000f9db200000,0x000000f9db300000)]
  0x0000028c43dab800 JavaThread "JavaFX Application Thread" [_thread_in_native, id=28104, stack(0x000000f9db300000,0x000000f9db400000)]
  0x0000028c441ec000 JavaThread "JavaFX-Launcher" [_thread_blocked, id=36228, stack(0x000000f9db700000,0x000000f9db800000)]
  0x0000028c44210800 JavaThread "Thread-4" daemon [_thread_in_native, id=20268, stack(0x000000f9db600000,0x000000f9db700000)]
  0x0000028c4eddb800 JavaThread "Java2D Disposer" daemon [_thread_blocked, id=28312, stack(0x000000f9db800000,0x000000f9db900000)]
  0x0000028c4eecc000 JavaThread "Prism Font Disposer" daemon [_thread_blocked, id=22128, stack(0x000000f9dc000000,0x000000f9dc100000)]
  0x0000028c55001800 JavaThread "Cleaner-0" daemon [_thread_blocked, id=39176, stack(0x000000f9dc100000,0x000000f9dc200000)]

Other Threads:
  0x0000028c42e2f000 VMThread "VM Thread" [stack: 0x000000f9da300000,0x000000f9da400000] [id=31924]
  0x0000028c43918000 WatcherThread [stack: 0x000000f9daf00000,0x000000f9db000000] [id=18052]
  0x0000028c27ee5800 GCTaskThread "GC Thread#0" [stack: 0x000000f9d9e00000,0x000000f9d9f00000] [id=30884]
  0x0000028c4efe9800 GCTaskThread "GC Thread#1" [stack: 0x000000f9db900000,0x000000f9dba00000] [id=23308]
  0x0000028c4ee48800 GCTaskThread "GC Thread#2" [stack: 0x000000f9dba00000,0x000000f9dbb00000] [id=25124]
  0x0000028c442d4800 GCTaskThread "GC Thread#3" [stack: 0x000000f9dbb00000,0x000000f9dbc00000] [id=16228]
  0x0000028c442d5800 GCTaskThread "GC Thread#4" [stack: 0x000000f9dbc00000,0x000000f9dbd00000] [id=32376]
  0x0000028c4ed5a800 GCTaskThread "GC Thread#5" [stack: 0x000000f9dbd00000,0x000000f9dbe00000] [id=35584]
  0x0000028c27f1a000 ConcurrentGCThread "G1 Main Marker" [stack: 0x000000f9d9f00000,0x000000f9da000000] [id=35580]
  0x0000028c27f1b000 ConcurrentGCThread "G1 Conc#0" [stack: 0x000000f9da000000,0x000000f9da100000] [id=27444]
  0x0000028c27f9e800 ConcurrentGCThread "G1 Refine#0" [stack: 0x000000f9da100000,0x000000f9da200000] [id=36100]
  0x0000028c42cc6000 ConcurrentGCThread "G1 Young RemSet Sampling" [stack: 0x000000f9da200000,0x000000f9da300000] [id=15824]

Threads with active compile tasks:
C2 CompilerThread01931 %     4       com.sun.marlin.DRenderer::_endRendering @ 779 (2489 bytes)

VM state:not at safepoint (normal execution)

VM Mutex/Monitor currently owned by a thread: None

Heap address: 0x0000000081e00000, size: 2018 MB, Compressed Oops mode: 32-bit
Narrow klass base: 0x0000000800000000, Narrow klass shift: 3
Compressed class space size: 1073741824 Address: 0x0000000840000000

Heap:
 garbage-first heap   total 131072K, used 53361K [0x0000000081e00000, 0x0000000100000000)
  region size 1024K, 48 young (49152K), 3 survivors (3072K)
 Metaspace       used 16380K, capacity 17656K, committed 17920K, reserved 1064960K
  class space    used 2338K, capacity 2764K, committed 2816K, reserved 1048576K
Heap Regions: E=young(eden), S=young(survivor), O=old, HS=humongous(starts), HC=humongous(continues), CS=collection set, F=free, A=archive, TAMS=top-at-mark-start (previous, next)
|   0|0x0000000081e00000, 0x0000000081f00000, 0x0000000081f00000|100%| O|  |TAMS 0x0000000081e00000, 0x0000000081e00000| Untracked 
|   1|0x0000000081f00000, 0x0000000081f1c400, 0x0000000082000000| 11%| O|  |TAMS 0x0000000081f00000, 0x0000000081f00000| Untracked 
|   2|0x0000000082000000, 0x0000000082100000, 0x0000000082100000|100%|HS|  |TAMS 0x0000000082000000, 0x0000000082000000| Complete 
|   3|0x0000000082100000, 0x0000000082200000, 0x0000000082200000|100%|HS|  |TAMS 0x0000000082100000, 0x0000000082100000| Complete 
|   4|0x0000000082200000, 0x0000000082300000, 0x0000000082300000|100%|HC|  |TAMS 0x0000000082200000, 0x0000000082200000| Complete 
|   5|0x0000000082300000, 0x0000000082400000, 0x0000000082400000|100%|HS|  |TAMS 0x0000000082300000, 0x0000000082300000| Complete 
|   6|0x0000000082400000, 0x0000000082400000, 0x0000000082500000|  0%| F|  |TAMS 0x0000000082400000, 0x0000000082400000| Untracked 
|   7|0x0000000082500000, 0x0000000082500000, 0x0000000082600000|  0%| F|  |TAMS 0x0000000082500000, 0x0000000082500000| Untracked 
|   8|0x0000000082600000, 0x0000000082600000, 0x0000000082700000|  0%| F|  |TAMS 0x0000000082600000, 0x0000000082600000| Untracked 
|   9|0x0000000082700000, 0x0000000082700000, 0x0000000082800000|  0%| F|  |TAMS 0x0000000082700000, 0x0000000082700000| Untracked 
|  10|0x0000000082800000, 0x0000000082800000, 0x0000000082900000|  0%| F|  |TAMS 0x0000000082800000, 0x0000000082800000| Untracked 
|  11|0x0000000082900000, 0x0000000082900000, 0x0000000082a00000|  0%| F|  |TAMS 0x0000000082900000, 0x0000000082900000| Untracked 
|  12|0x0000000082a00000, 0x0000000082a00000, 0x0000000082b00000|  0%| F|  |TAMS 0x0000000082a00000, 0x0000000082a00000| Untracked 
|  13|0x0000000082b00000, 0x0000000082b00000, 0x0000000082c00000|  0%| F|  |TAMS 0x0000000082b00000, 0x0000000082b00000| Untracked 
|  14|0x0000000082c00000, 0x0000000082c00000, 0x0000000082d00000|  0%| F|  |TAMS 0x0000000082c00000, 0x0000000082c00000| Untracked 
|  15|0x0000000082d00000, 0x0000000082d00000, 0x0000000082e00000|  0%| F|  |TAMS 0x0000000082d00000, 0x0000000082d00000| Untracked 
|  16|0x0000000082e00000, 0x0000000082e00000, 0x0000000082f00000|  0%| F|  |TAMS 0x0000000082e00000, 0x0000000082e00000| Untracked 
|  17|0x0000000082f00000, 0x0000000082f00000, 0x0000000083000000|  0%| F|  |TAMS 0x0000000082f00000, 0x0000000082f00000| Untracked 
|  18|0x0000000083000000, 0x0000000083000000, 0x0000000083100000|  0%| F|  |TAMS 0x0000000083000000, 0x0000000083000000| Untracked 
|  19|0x0000000083100000, 0x0000000083100000, 0x0000000083200000|  0%| F|  |TAMS 0x0000000083100000, 0x0000000083100000| Untracked 
|  20|0x0000000083200000, 0x0000000083200000, 0x0000000083300000|  0%| F|  |TAMS 0x0000000083200000, 0x0000000083200000| Untracked 
|  21|0x0000000083300000, 0x0000000083300000, 0x0000000083400000|  0%| F|  |TAMS 0x0000000083300000, 0x0000000083300000| Untracked 
|  22|0x0000000083400000, 0x0000000083400000, 0x0000000083500000|  0%| F|  |TAMS 0x0000000083400000, 0x0000000083400000| Untracked 
|  23|0x0000000083500000, 0x0000000083500000, 0x0000000083600000|  0%| F|  |TAMS 0x0000000083500000, 0x0000000083500000| Untracked 
|  24|0x0000000083600000, 0x0000000083600000, 0x0000000083700000|  0%| F|  |TAMS 0x0000000083600000, 0x0000000083600000| Untracked 
|  25|0x0000000083700000, 0x0000000083700000, 0x0000000083800000|  0%| F|  |TAMS 0x0000000083700000, 0x0000000083700000| Untracked 
|  26|0x0000000083800000, 0x0000000083800000, 0x0000000083900000|  0%| F|  |TAMS 0x0000000083800000, 0x0000000083800000| Untracked 
|  27|0x0000000083900000, 0x0000000083900000, 0x0000000083a00000|  0%| F|  |TAMS 0x0000000083900000, 0x0000000083900000| Untracked 
|  28|0x0000000083a00000, 0x0000000083a00000, 0x0000000083b00000|  0%| F|  |TAMS 0x0000000083a00000, 0x0000000083a00000| Untracked 
|  29|0x0000000083b00000, 0x0000000083b00000, 0x0000000083c00000|  0%| F|  |TAMS 0x0000000083b00000, 0x0000000083b00000| Untracked 
|  30|0x0000000083c00000, 0x0000000083c00000, 0x0000000083d00000|  0%| F|  |TAMS 0x0000000083c00000, 0x0000000083c00000| Untracked 
|  31|0x0000000083d00000, 0x0000000083d00000, 0x0000000083e00000|  0%| F|  |TAMS 0x0000000083d00000, 0x0000000083d00000| Untracked 
|  32|0x0000000083e00000, 0x0000000083e00000, 0x0000000083f00000|  0%| F|  |TAMS 0x0000000083e00000, 0x0000000083e00000| Untracked 
|  33|0x0000000083f00000, 0x0000000083f00000, 0x0000000084000000|  0%| F|  |TAMS 0x0000000083f00000, 0x0000000083f00000| Untracked 
|  34|0x0000000084000000, 0x0000000084000000, 0x0000000084100000|  0%| F|  |TAMS 0x0000000084000000, 0x0000000084000000| Untracked 
|  35|0x0000000084100000, 0x0000000084100000, 0x0000000084200000|  0%| F|  |TAMS 0x0000000084100000, 0x0000000084100000| Untracked 
|  36|0x0000000084200000, 0x0000000084200000, 0x0000000084300000|  0%| F|  |TAMS 0x0000000084200000, 0x0000000084200000| Untracked 
|  37|0x0000000084300000, 0x0000000084300000, 0x0000000084400000|  0%| F|  |TAMS 0x0000000084300000, 0x0000000084300000| Untracked 
|  38|0x0000000084400000, 0x0000000084400000, 0x0000000084500000|  0%| F|  |TAMS 0x0000000084400000, 0x0000000084400000| Untracked 
|  39|0x0000000084500000, 0x0000000084500000, 0x0000000084600000|  0%| F|  |TAMS 0x0000000084500000, 0x0000000084500000| Untracked 
|  40|0x0000000084600000, 0x0000000084600000, 0x0000000084700000|  0%| F|  |TAMS 0x0000000084600000, 0x0000000084600000| Untracked 
|  41|0x0000000084700000, 0x0000000084700000, 0x0000000084800000|  0%| F|  |TAMS 0x0000000084700000, 0x0000000084700000| Untracked 
|  42|0x0000000084800000, 0x0000000084800000, 0x0000000084900000|  0%| F|  |TAMS 0x0000000084800000, 0x0000000084800000| Untracked 
|  43|0x0000000084900000, 0x0000000084900000, 0x0000000084a00000|  0%| F|  |TAMS 0x0000000084900000, 0x0000000084900000| Untracked 
|  44|0x0000000084a00000, 0x0000000084a00000, 0x0000000084b00000|  0%| F|  |TAMS 0x0000000084a00000, 0x0000000084a00000| Untracked 
|  45|0x0000000084b00000, 0x0000000084b00000, 0x0000000084c00000|  0%| F|  |TAMS 0x0000000084b00000, 0x0000000084b00000| Untracked 
|  46|0x0000000084c00000, 0x0000000084c00000, 0x0000000084d00000|  0%| F|  |TAMS 0x0000000084c00000, 0x0000000084c00000| Untracked 
|  47|0x0000000084d00000, 0x0000000084d00000, 0x0000000084e00000|  0%| F|  |TAMS 0x0000000084d00000, 0x0000000084d00000| Untracked 
|  48|0x0000000084e00000, 0x0000000084e00000, 0x0000000084f00000|  0%| F|  |TAMS 0x0000000084e00000, 0x0000000084e00000| Untracked 
|  49|0x0000000084f00000, 0x0000000084f00000, 0x0000000085000000|  0%| F|  |TAMS 0x0000000084f00000, 0x0000000084f00000| Untracked 
|  50|0x0000000085000000, 0x0000000085000000, 0x0000000085100000|  0%| F|  |TAMS 0x0000000085000000, 0x0000000085000000| Untracked 
|  51|0x0000000085100000, 0x0000000085100000, 0x0000000085200000|  0%| F|  |TAMS 0x0000000085100000, 0x0000000085100000| Untracked 
|  52|0x0000000085200000, 0x0000000085200000, 0x0000000085300000|  0%| F|  |TAMS 0x0000000085200000, 0x0000000085200000| Untracked 
|  53|0x0000000085300000, 0x0000000085300000, 0x0000000085400000|  0%| F|  |TAMS 0x0000000085300000, 0x0000000085300000| Untracked 
|  54|0x0000000085400000, 0x0000000085400000, 0x0000000085500000|  0%| F|  |TAMS 0x0000000085400000, 0x0000000085400000| Untracked 
|  55|0x0000000085500000, 0x0000000085500000, 0x0000000085600000|  0%| F|  |TAMS 0x0000000085500000, 0x0000000085500000| Untracked 
|  56|0x0000000085600000, 0x0000000085600000, 0x0000000085700000|  0%| F|  |TAMS 0x0000000085600000, 0x0000000085600000| Untracked 
|  57|0x0000000085700000, 0x0000000085700000, 0x0000000085800000|  0%| F|  |TAMS 0x0000000085700000, 0x0000000085700000| Untracked 
|  58|0x0000000085800000, 0x0000000085800000, 0x0000000085900000|  0%| F|  |TAMS 0x0000000085800000, 0x0000000085800000| Untracked 
|  59|0x0000000085900000, 0x0000000085900000, 0x0000000085a00000|  0%| F|  |TAMS 0x0000000085900000, 0x0000000085900000| Untracked 
|  60|0x0000000085a00000, 0x0000000085a00000, 0x0000000085b00000|  0%| F|  |TAMS 0x0000000085a00000, 0x0000000085a00000| Untracked 
|  61|0x0000000085b00000, 0x0000000085b00000, 0x0000000085c00000|  0%| F|  |TAMS 0x0000000085b00000, 0x0000000085b00000| Untracked 
|  62|0x0000000085c00000, 0x0000000085c00000, 0x0000000085d00000|  0%| F|  |TAMS 0x0000000085c00000, 0x0000000085c00000| Untracked 
|  63|0x0000000085d00000, 0x0000000085d00000, 0x0000000085e00000|  0%| F|  |TAMS 0x0000000085d00000, 0x0000000085d00000| Untracked 
|  64|0x0000000085e00000, 0x0000000085e00000, 0x0000000085f00000|  0%| F|  |TAMS 0x0000000085e00000, 0x0000000085e00000| Untracked 
|  65|0x0000000085f00000, 0x0000000085f00000, 0x0000000086000000|  0%| F|  |TAMS 0x0000000085f00000, 0x0000000085f00000| Untracked 
|  66|0x0000000086000000, 0x0000000086000000, 0x0000000086100000|  0%| F|  |TAMS 0x0000000086000000, 0x0000000086000000| Untracked 
|  67|0x0000000086100000, 0x0000000086100000, 0x0000000086200000|  0%| F|  |TAMS 0x0000000086100000, 0x0000000086100000| Untracked 
|  68|0x0000000086200000, 0x0000000086200000, 0x0000000086300000|  0%| F|  |TAMS 0x0000000086200000, 0x0000000086200000| Untracked 
|  69|0x0000000086300000, 0x0000000086300000, 0x0000000086400000|  0%| F|  |TAMS 0x0000000086300000, 0x0000000086300000| Untracked 
|  70|0x0000000086400000, 0x0000000086400000, 0x0000000086500000|  0%| F|  |TAMS 0x0000000086400000, 0x0000000086400000| Untracked 
|  71|0x0000000086500000, 0x0000000086500000, 0x0000000086600000|  0%| F|  |TAMS 0x0000000086500000, 0x0000000086500000| Untracked 
|  72|0x0000000086600000, 0x0000000086600000, 0x0000000086700000|  0%| F|  |TAMS 0x0000000086600000, 0x0000000086600000| Untracked 
|  73|0x0000000086700000, 0x0000000086700000, 0x0000000086800000|  0%| F|  |TAMS 0x0000000086700000, 0x0000000086700000| Untracked 
|  74|0x0000000086800000, 0x0000000086800000, 0x0000000086900000|  0%| F|  |TAMS 0x0000000086800000, 0x0000000086800000| Untracked 
|  75|0x0000000086900000, 0x0000000086900000, 0x0000000086a00000|  0%| F|  |TAMS 0x0000000086900000, 0x0000000086900000| Untracked 
|  76|0x0000000086a00000, 0x0000000086a00000, 0x0000000086b00000|  0%| F|  |TAMS 0x0000000086a00000, 0x0000000086a00000| Untracked 
|  77|0x0000000086b00000, 0x0000000086b00000, 0x0000000086c00000|  0%| F|  |TAMS 0x0000000086b00000, 0x0000000086b00000| Untracked 
|  78|0x0000000086c00000, 0x0000000086c00000, 0x0000000086d00000|  0%| F|  |TAMS 0x0000000086c00000, 0x0000000086c00000| Untracked 
|  79|0x0000000086d00000, 0x0000000086d00000, 0x0000000086e00000|  0%| F|  |TAMS 0x0000000086d00000, 0x0000000086d00000| Untracked 
|  80|0x0000000086e00000, 0x0000000086f00000, 0x0000000086f00000|100%| E|  |TAMS 0x0000000086e00000, 0x0000000086e00000| Complete 
|  81|0x0000000086f00000, 0x0000000087000000, 0x0000000087000000|100%| E|CS|TAMS 0x0000000086f00000, 0x0000000086f00000| Complete 
|  82|0x0000000087000000, 0x0000000087100000, 0x0000000087100000|100%| E|CS|TAMS 0x0000000087000000, 0x0000000087000000| Complete 
|  83|0x0000000087100000, 0x0000000087200000, 0x0000000087200000|100%| E|CS|TAMS 0x0000000087100000, 0x0000000087100000| Complete 
|  84|0x0000000087200000, 0x0000000087300000, 0x0000000087300000|100%| E|CS|TAMS 0x0000000087200000, 0x0000000087200000| Complete 
|  85|0x0000000087300000, 0x0000000087400000, 0x0000000087400000|100%| E|CS|TAMS 0x0000000087300000, 0x0000000087300000| Complete 
|  86|0x0000000087400000, 0x0000000087500000, 0x0000000087500000|100%| E|CS|TAMS 0x0000000087400000, 0x0000000087400000| Complete 
|  87|0x0000000087500000, 0x0000000087600000, 0x0000000087600000|100%| E|CS|TAMS 0x0000000087500000, 0x0000000087500000| Complete 
|  88|0x0000000087600000, 0x0000000087700000, 0x0000000087700000|100%| E|CS|TAMS 0x0000000087600000, 0x0000000087600000| Complete 
|  89|0x0000000087700000, 0x0000000087800000, 0x0000000087800000|100%| E|CS|TAMS 0x0000000087700000, 0x0000000087700000| Complete 
|  90|0x0000000087800000, 0x0000000087900000, 0x0000000087900000|100%| E|CS|TAMS 0x0000000087800000, 0x0000000087800000| Complete 
|  91|0x0000000087900000, 0x0000000087a00000, 0x0000000087a00000|100%| E|CS|TAMS 0x0000000087900000, 0x0000000087900000| Complete 
|  92|0x0000000087a00000, 0x0000000087b00000, 0x0000000087b00000|100%| E|CS|TAMS 0x0000000087a00000, 0x0000000087a00000| Complete 
|  93|0x0000000087b00000, 0x0000000087c00000, 0x0000000087c00000|100%| E|CS|TAMS 0x0000000087b00000, 0x0000000087b00000| Complete 
|  94|0x0000000087c00000, 0x0000000087d00000, 0x0000000087d00000|100%| E|CS|TAMS 0x0000000087c00000, 0x0000000087c00000| Complete 
|  95|0x0000000087d00000, 0x0000000087e00000, 0x0000000087e00000|100%| E|CS|TAMS 0x0000000087d00000, 0x0000000087d00000| Complete 
|  96|0x0000000087e00000, 0x0000000087f00000, 0x0000000087f00000|100%| E|CS|TAMS 0x0000000087e00000, 0x0000000087e00000| Complete 
|  97|0x0000000087f00000, 0x0000000088000000, 0x0000000088000000|100%| E|CS|TAMS 0x0000000087f00000, 0x0000000087f00000| Complete 
|  98|0x0000000088000000, 0x0000000088100000, 0x0000000088100000|100%| E|CS|TAMS 0x0000000088000000, 0x0000000088000000| Complete 
|  99|0x0000000088100000, 0x0000000088200000, 0x0000000088200000|100%| E|CS|TAMS 0x0000000088100000, 0x0000000088100000| Complete 
| 100|0x0000000088200000, 0x0000000088300000, 0x0000000088300000|100%| E|CS|TAMS 0x0000000088200000, 0x0000000088200000| Complete 
| 101|0x0000000088300000, 0x0000000088400000, 0x0000000088400000|100%| S|CS|TAMS 0x0000000088300000, 0x0000000088300000| Complete 
| 102|0x0000000088400000, 0x0000000088500000, 0x0000000088500000|100%| S|CS|TAMS 0x0000000088400000, 0x0000000088400000| Complete 
| 103|0x0000000088500000, 0x0000000088600000, 0x0000000088600000|100%| S|CS|TAMS 0x0000000088500000, 0x0000000088500000| Complete 
| 104|0x0000000088600000, 0x0000000088700000, 0x0000000088700000|100%| E|CS|TAMS 0x0000000088600000, 0x0000000088600000| Complete 
| 105|0x0000000088700000, 0x0000000088800000, 0x0000000088800000|100%| E|CS|TAMS 0x0000000088700000, 0x0000000088700000| Complete 
| 106|0x0000000088800000, 0x0000000088900000, 0x0000000088900000|100%| E|CS|TAMS 0x0000000088800000, 0x0000000088800000| Complete 
| 107|0x0000000088900000, 0x0000000088a00000, 0x0000000088a00000|100%| E|CS|TAMS 0x0000000088900000, 0x0000000088900000| Complete 
| 108|0x0000000088a00000, 0x0000000088b00000, 0x0000000088b00000|100%| E|CS|TAMS 0x0000000088a00000, 0x0000000088a00000| Complete 
| 109|0x0000000088b00000, 0x0000000088c00000, 0x0000000088c00000|100%| E|CS|TAMS 0x0000000088b00000, 0x0000000088b00000| Complete 
| 110|0x0000000088c00000, 0x0000000088d00000, 0x0000000088d00000|100%| E|CS|TAMS 0x0000000088c00000, 0x0000000088c00000| Complete 
| 111|0x0000000088d00000, 0x0000000088e00000, 0x0000000088e00000|100%| E|CS|TAMS 0x0000000088d00000, 0x0000000088d00000| Complete 
| 112|0x0000000088e00000, 0x0000000088f00000, 0x0000000088f00000|100%| E|CS|TAMS 0x0000000088e00000, 0x0000000088e00000| Complete 
| 113|0x0000000088f00000, 0x0000000089000000, 0x0000000089000000|100%| E|CS|TAMS 0x0000000088f00000, 0x0000000088f00000| Complete 
| 114|0x0000000089000000, 0x0000000089100000, 0x0000000089100000|100%| E|CS|TAMS 0x0000000089000000, 0x0000000089000000| Complete 
| 115|0x0000000089100000, 0x0000000089200000, 0x0000000089200000|100%| E|CS|TAMS 0x0000000089100000, 0x0000000089100000| Complete 
| 116|0x0000000089200000, 0x0000000089300000, 0x0000000089300000|100%| E|CS|TAMS 0x0000000089200000, 0x0000000089200000| Complete 
| 117|0x0000000089300000, 0x0000000089400000, 0x0000000089400000|100%| E|CS|TAMS 0x0000000089300000, 0x0000000089300000| Complete 
| 118|0x0000000089400000, 0x0000000089500000, 0x0000000089500000|100%| E|CS|TAMS 0x0000000089400000, 0x0000000089400000| Complete 
| 119|0x0000000089500000, 0x0000000089600000, 0x0000000089600000|100%| E|CS|TAMS 0x0000000089500000, 0x0000000089500000| Complete 
| 120|0x0000000089600000, 0x0000000089700000, 0x0000000089700000|100%| E|CS|TAMS 0x0000000089600000, 0x0000000089600000| Complete 
| 121|0x0000000089700000, 0x0000000089800000, 0x0000000089800000|100%| E|CS|TAMS 0x0000000089700000, 0x0000000089700000| Complete 
| 122|0x0000000089800000, 0x0000000089900000, 0x0000000089900000|100%| E|CS|TAMS 0x0000000089800000, 0x0000000089800000| Complete 
| 123|0x0000000089900000, 0x0000000089a00000, 0x0000000089a00000|100%| E|CS|TAMS 0x0000000089900000, 0x0000000089900000| Complete 
| 124|0x0000000089a00000, 0x0000000089b00000, 0x0000000089b00000|100%| E|CS|TAMS 0x0000000089a00000, 0x0000000089a00000| Complete 
| 125|0x0000000089b00000, 0x0000000089c00000, 0x0000000089c00000|100%| E|CS|TAMS 0x0000000089b00000, 0x0000000089b00000| Complete 
| 126|0x0000000089c00000, 0x0000000089d00000, 0x0000000089d00000|100%| E|CS|TAMS 0x0000000089c00000, 0x0000000089c00000| Complete 
| 127|0x0000000089d00000, 0x0000000089e00000, 0x0000000089e00000|100%| E|CS|TAMS 0x0000000089d00000, 0x0000000089d00000| Complete 

Card table byte_map: [0x0000028c3bc60000,0x0000028c3c060000] _byte_map_base: 0x0000028c3b851000

Marking Bits (Prev, Next): (CMBitMap*) 0x0000028c27eea3a8, (CMBitMap*) 0x0000028c27eea3e0
 Prev Bits: [0x0000028c3c460000, 0x0000028c3e3e8000)
 Next Bits: [0x0000028c3e3f0000, 0x0000028c40378000)

Polling page: 0x0000028c27fa0000

Metaspace:

Usage:
  Non-class:     14.54 MB capacity,    13.71 MB ( 94%) used,   755.07 KB (  5%) free+waste,    94.88 KB ( <1%) overhead. 
      Class:      2.70 MB capacity,     2.28 MB ( 85%) used,   375.74 KB ( 14%) free+waste,    49.63 KB (  2%) overhead. 
       Both:     17.24 MB capacity,    16.00 MB ( 93%) used,     1.10 MB (  6%) free+waste,   144.50 KB ( <1%) overhead. 

Virtual space:
  Non-class space:       16.00 MB reserved,      14.75 MB ( 92%) committed 
      Class space:        1.00 GB reserved,       2.75 MB ( <1%) committed 
             Both:        1.02 GB reserved,      17.50 MB (  2%) committed 

Chunk freelists:
   Non-Class:  20.00 KB
       Class:  0 bytes
        Both:  20.00 KB

CodeHeap 'non-profiled nmethods': size=120000Kb used=820Kb max_used=820Kb free=119179Kb
 bounds [0x0000028c338d0000, 0x0000028c33b40000, 0x0000028c3ae00000]
CodeHeap 'profiled nmethods': size=120000Kb used=3826Kb max_used=3826Kb free=116173Kb
 bounds [0x0000028c2c3a0000, 0x0000028c2c760000, 0x0000028c338d0000]
CodeHeap 'non-nmethods': size=5760Kb used=1350Kb max_used=1375Kb free=4409Kb
 bounds [0x0000028c2be00000, 0x0000028c2c070000, 0x0000028c2c3a0000]
 total_blobs=3149 nmethods=1974 adapters=679
 compilation: enabled
              stopped_count=0, restarted_count=0
 full_count=0

Compilation events (10 events):
Event: 1.491 Thread 0x0000028c42e62000 1970       3       java.lang.StringLatin1::getChars (12 bytes)
Event: 1.491 Thread 0x0000028c42e62000 nmethod 1970 0x0000028c2c756c10 code [0x0000028c2c756dc0, 0x0000028c2c756f30]
Event: 1.491 Thread 0x0000028c42e62000 1971       3       sun.nio.cs.UTF_8$Encoder::encodeArrayLoop (489 bytes)
Event: 1.494 Thread 0x0000028c42e62000 nmethod 1971 0x0000028c2c757010 code [0x0000028c2c757600, 0x0000028c2c75adf0]
Event: 1.494 Thread 0x0000028c42e62000 1972       3       java.io.PrintStream::ensureOpen (18 bytes)
Event: 1.495 Thread 0x0000028c42e62000 nmethod 1972 0x0000028c2c75bf90 code [0x0000028c2c75c160, 0x0000028c2c75c3f0]
Event: 1.495 Thread 0x0000028c42e62000 1973       3       java.nio.charset.CoderResult::isOverflow (14 bytes)
Event: 1.495 Thread 0x0000028c42e62000 nmethod 1973 0x0000028c2c75c490 code [0x0000028c2c75c640, 0x0000028c2c75c818]
Event: 1.495 Thread 0x0000028c42e62000 1974       1       java.util.concurrent.locks.AbstractOwnableSynchronizer::setExclusiveOwnerThread (6 bytes)
Event: 1.495 Thread 0x0000028c42e62000 nmethod 1974 0x0000028c3399cc90 code [0x0000028c3399ce40, 0x0000028c3399cfb8]

GC Heap History (2 events):
Event: 0.623 GC heap before
{Heap before GC invocations=0 (full 0):
 garbage-first heap   total 131072K, used 23552K [0x0000000081e00000, 0x0000000100000000)
  region size 1024K, 24 young (24576K), 0 survivors (0K)
 Metaspace       used 6007K, capacity 7870K, committed 8064K, reserved 1056768K
  class space    used 606K, capacity 892K, committed 896K, reserved 1048576K
}
Event: 0.629 GC heap after
{Heap after GC invocations=1 (full 0):
 garbage-first heap   total 131072K, used 4209K [0x0000000081e00000, 0x0000000100000000)
  region size 1024K, 3 young (3072K), 3 survivors (3072K)
 Metaspace       used 6007K, capacity 7870K, committed 8064K, reserved 1056768K
  class space    used 606K, capacity 892K, committed 896K, reserved 1048576K
}

Deoptimization events (10 events):
Event: 1.425 Thread 0x0000028c43c10000 DEOPT PACKING pc=0x0000028c2c71ae7a sp=0x000000f9db0fcde0
Event: 1.425 Thread 0x0000028c43c10000 DEOPT UNPACKING pc=0x0000028c2be2904e sp=0x000000f9db0fc220 mode 0
Event: 1.425 Thread 0x0000028c43c10000 DEOPT PACKING pc=0x0000028c2c71ae7a sp=0x000000f9db0fcde0
Event: 1.425 Thread 0x0000028c43c10000 DEOPT UNPACKING pc=0x0000028c2be2904e sp=0x000000f9db0fc220 mode 0
Event: 1.472 Thread 0x0000028c43c10000 DEOPT PACKING pc=0x0000028c2c73bfc8 sp=0x000000f9db0fdff0
Event: 1.472 Thread 0x0000028c43c10000 DEOPT UNPACKING pc=0x0000028c2be2904e sp=0x000000f9db0fd458 mode 0
Event: 1.472 Thread 0x0000028c43c10000 DEOPT PACKING pc=0x0000028c2c73a2fd sp=0x000000f9db0fdfa0
Event: 1.472 Thread 0x0000028c43c10000 DEOPT UNPACKING pc=0x0000028c2be2904e sp=0x000000f9db0fd450 mode 0
Event: 1.475 Thread 0x0000028c43c10000 DEOPT PACKING pc=0x0000028c2c73a2fd sp=0x000000f9db0fdfc0
Event: 1.475 Thread 0x0000028c43c10000 DEOPT UNPACKING pc=0x0000028c2be2904e sp=0x000000f9db0fd450 mode 0

Classes redefined (0 events):
No events

Internal exceptions (10 events):
Event: 1.155 Thread 0x0000028c43dab800 Exception <a 'java/lang/NoSuchMethodError'{0x0000000087b223c8}: 'java.lang.Object java.lang.invoke.DirectMethodHandle$Holder.invokeInterface(java.lang.Object, java.lang.Object, java.lang.Object)'> (0x0000000087b223c8) thrown at [c:/BuildAgent/work/5ff2f6c
Event: 1.155 Thread 0x0000028c43dab800 Exception <a 'java/lang/IncompatibleClassChangeError'{0x0000000087b25580}: Found class java.lang.Object, but interface was expected> (0x0000000087b25580) thrown at [c:/BuildAgent/work/5ff2f6c26000d570/src/hotspot/share/interpreter/linkResolver.cpp, line 8
Event: 1.192 Thread 0x0000028c43dab800 Exception <a 'java/lang/NoSuchMethodError'{0x000000008795e580}: 'int java.lang.invoke.DirectMethodHandle$Holder.invokeStaticInit(java.lang.Object, java.lang.Object)'> (0x000000008795e580) thrown at [c:/BuildAgent/work/5ff2f6c26000d570/src/hotspot/share/in
Event: 1.253 Thread 0x0000028c43dab800 Exception <a 'java/lang/NoSuchMethodError'{0x0000000087426ed8}: 'java.lang.Object java.lang.invoke.Invokers$Holder.linkToTargetMethod(java.lang.Object, int, int, java.lang.Object)'> (0x0000000087426ed8) thrown at [c:/BuildAgent/work/5ff2f6c26000d570/src/h
Event: 1.302 Thread 0x0000028c43dab800 Exception <a 'java/lang/NoSuchMethodError'{0x000000008735ed08}: 'long java.lang.invoke.DirectMethodHandle$Holder.invokeStaticInit(java.lang.Object, java.lang.Object, java.lang.Object)'> (0x000000008735ed08) thrown at [c:/BuildAgent/work/5ff2f6c26000d570/s
Event: 1.305 Thread 0x0000028c43dab800 Exception <a 'java/lang/NoSuchMethodError'{0x00000000873773e8}: 'java.lang.Object java.lang.invoke.DirectMethodHandle$Holder.invokeStatic(java.lang.Object, java.lang.Object, long)'> (0x00000000873773e8) thrown at [c:/BuildAgent/work/5ff2f6c26000d570/src/h
Event: 1.306 Thread 0x0000028c43dab800 Exception <a 'java/lang/NoSuchMethodError'{0x000000008737d7f8}: 'java.lang.Object java.lang.invoke.Invokers$Holder.linkToTargetMethod(java.lang.Object, long, java.lang.Object)'> (0x000000008737d7f8) thrown at [c:/BuildAgent/work/5ff2f6c26000d570/src/hotsp
Event: 1.436 Thread 0x0000028c43c10000 Exception <a 'java/lang/NoSuchMethodError'{0x0000000086e326a0}: 'java.lang.Object java.lang.invoke.DirectMethodHandle$Holder.invokeStaticInit(java.lang.Object, int)'> (0x0000000086e326a0) thrown at [c:/BuildAgent/work/5ff2f6c26000d570/src/hotspot/share/in
Event: 1.468 Thread 0x0000028c43c10000 Exception <a 'java/lang/NullPointerException'{0x0000000086eb4558}> (0x0000000086eb4558) thrown at [c:/BuildAgent/work/5ff2f6c26000d570/src/hotspot/share/interpreter/linkResolver.cpp, line 1440]
Event: 1.490 Thread 0x0000028c43c10000 Exception <a 'java/lang/NullPointerException'{0x0000000086eebc28}> (0x0000000086eebc28) thrown at [c:/BuildAgent/work/5ff2f6c26000d570/src/hotspot/share/interpreter/linkResolver.cpp, line 1440]

Events (10 events):
Event: 1.470 Executing VM operation: RevokeBias
Event: 1.470 Executing VM operation: RevokeBias done
Event: 1.470 Executing VM operation: RevokeBias
Event: 1.470 Executing VM operation: RevokeBias done
Event: 1.470 Executing VM operation: RevokeBias
Event: 1.470 Executing VM operation: RevokeBias done
Event: 1.487 loading class com/sun/prism/impl/ps/CachingShapeRepState$CacheEntry
Event: 1.487 loading class com/sun/prism/impl/ps/CachingShapeRepState$CacheEntry done
Event: 1.487 loading class com/sun/prism/impl/ps/CachingShapeRepState$CacheEntry
Event: 1.487 loading class com/sun/prism/impl/ps/CachingShapeRepState$CacheEntry done


Dynamic libraries:
0x00007ff640490000 - 0x00007ff6404d7000 	D:\ruanjian\IntelliJ IDEA Community Edition 2019.2.3\jbr\bin\java.exe
0x00007ff922c90000 - 0x00007ff922e71000 	C:\WINDOWS\SYSTEM32\ntdll.dll
0x00007ff9226f0000 - 0x00007ff9227a1000 	C:\WINDOWS\System32\KERNEL32.DLL
0x00007ff91f0d0000 - 0x00007ff91f343000 	C:\WINDOWS\System32\KERNELBASE.dll
0x00007ff922110000 - 0x00007ff9222a0000 	C:\WINDOWS\System32\USER32.dll
0x00007ff91f4f0000 - 0x00007ff91f510000 	C:\WINDOWS\System32\win32u.dll
0x00007ff9202b0000 - 0x00007ff9202d8000 	C:\WINDOWS\System32\GDI32.dll
0x00007ff91f350000 - 0x00007ff91f4e1000 	C:\WINDOWS\System32\gdi32full.dll
0x00007ff920070000 - 0x00007ff92010f000 	C:\WINDOWS\System32\msvcp_win.dll
0x00007ff91ff70000 - 0x00007ff920068000 	C:\WINDOWS\System32\ucrtbase.dll
0x00007ff9111d0000 - 0x00007ff911439000 	C:\WINDOWS\WinSxS\amd64_microsoft.windows.common-controls_6595b64144ccf1df_6.0.17134.1006_none_d3fbb8f77c940c3f\COMCTL32.dll
0x00007ff921730000 - 0x00007ff9217ce000 	C:\WINDOWS\System32\msvcrt.dll
0x00007ff922930000 - 0x00007ff922c51000 	C:\WINDOWS\System32\combase.dll
0x00007ff921e20000 - 0x00007ff921f44000 	C:\WINDOWS\System32\RPCRT4.dll
0x00007ff91f050000 - 0x00007ff91f0c9000 	C:\WINDOWS\System32\bcryptPrimitives.dll
0x00007ff921cc0000 - 0x00007ff921ced000 	C:\WINDOWS\System32\IMM32.DLL
0x00007ff917d10000 - 0x00007ff917d27000 	D:\ruanjian\IntelliJ IDEA Community Edition 2019.2.3\jbr\bin\vcruntime140.dll
0x00007ff90eee0000 - 0x00007ff90ef7d000 	D:\ruanjian\IntelliJ IDEA Community Edition 2019.2.3\jbr\bin\msvcp140.dll
0x00007ff8e7b50000 - 0x00007ff8e8608000 	D:\ruanjian\IntelliJ IDEA Community Edition 2019.2.3\jbr\bin\server\jvm.dll
0x00007ff920110000 - 0x00007ff9201b1000 	C:\WINDOWS\System32\ADVAPI32.dll
0x00007ff921c60000 - 0x00007ff921cbb000 	C:\WINDOWS\System32\sechost.dll
0x00007ff921c50000 - 0x00007ff921c58000 	C:\WINDOWS\System32\PSAPI.DLL
0x00007ff919970000 - 0x00007ff91997a000 	C:\WINDOWS\SYSTEM32\VERSION.dll
0x00007ff91c9a0000 - 0x00007ff91c9c3000 	C:\WINDOWS\SYSTEM32\WINMM.dll
0x00007ff91bff0000 - 0x00007ff91bff9000 	C:\WINDOWS\SYSTEM32\WSOCK32.dll
0x00007ff921cf0000 - 0x00007ff921d5c000 	C:\WINDOWS\System32\WS2_32.dll
0x00007ff91c970000 - 0x00007ff91c99a000 	C:\WINDOWS\SYSTEM32\winmmbase.dll
0x00007ff91f810000 - 0x00007ff91f859000 	C:\WINDOWS\System32\cfgmgr32.dll
0x00007ff91efe0000 - 0x00007ff91eff1000 	C:\WINDOWS\System32\kernel.appcore.dll
0x00007ff913f40000 - 0x00007ff913f51000 	D:\ruanjian\IntelliJ IDEA Community Edition 2019.2.3\jbr\bin\verify.dll
0x00007ff91d9d0000 - 0x00007ff91db99000 	C:\WINDOWS\SYSTEM32\DBGHELP.DLL
0x00007ff909490000 - 0x00007ff9094b9000 	C:\WINDOWS\SYSTEM32\dbgcore.DLL
0x00007ff912320000 - 0x00007ff912349000 	D:\ruanjian\IntelliJ IDEA Community Edition 2019.2.3\jbr\bin\java.dll
0x00007ff90ecc0000 - 0x00007ff90ecf4000 	D:\ruanjian\IntelliJ IDEA Community Edition 2019.2.3\jbr\bin\instrument.dll
0x00007ff911a30000 - 0x00007ff911a47000 	D:\ruanjian\IntelliJ IDEA Community Edition 2019.2.3\jbr\bin\zip.dll
0x00007ff91ab20000 - 0x00007ff91ab2b000 	D:\ruanjian\IntelliJ IDEA Community Edition 2019.2.3\jbr\bin\jimage.dll
0x00007ff9202e0000 - 0x00007ff921722000 	C:\WINDOWS\System32\SHELL32.dll
0x00007ff921920000 - 0x00007ff9219c9000 	C:\WINDOWS\System32\shcore.dll
0x00007ff91f860000 - 0x00007ff91ff6e000 	C:\WINDOWS\System32\windows.storage.dll
0x00007ff921f50000 - 0x00007ff921fa1000 	C:\WINDOWS\System32\shlwapi.dll
0x00007ff91efb0000 - 0x00007ff91efcf000 	C:\WINDOWS\System32\profapi.dll
0x00007ff91f000000 - 0x00007ff91f04c000 	C:\WINDOWS\System32\powrprof.dll
0x00007ff91efd0000 - 0x00007ff91efda000 	C:\WINDOWS\System32\FLTLIB.DLL
0x00007ff910810000 - 0x00007ff91082a000 	D:\ruanjian\IntelliJ IDEA Community Edition 2019.2.3\jbr\bin\net.dll
0x00007ff90dd30000 - 0x00007ff90defa000 	C:\WINDOWS\SYSTEM32\urlmon.dll
0x00007ff913e60000 - 0x00007ff913f3d000 	C:\WINDOWS\SYSTEM32\WINHTTP.dll
0x00007ff90e710000 - 0x00007ff90e9b7000 	C:\WINDOWS\SYSTEM32\iertutil.dll
0x00007ff91e960000 - 0x00007ff91e96b000 	C:\WINDOWS\SYSTEM32\CRYPTBASE.DLL
0x00007ff91e7b0000 - 0x00007ff91e816000 	C:\WINDOWS\system32\mswsock.dll
0x00007ff9107f0000 - 0x00007ff910804000 	D:\ruanjian\IntelliJ IDEA Community Edition 2019.2.3\jbr\bin\nio.dll
0x00007ff917cd0000 - 0x00007ff917cea000 	D:\ruanjian\IntelliJ IDEA Community Edition 2019.2.3\bin\breakgen64.dll
0x0000028c27ff0000 - 0x0000028c27ff3000 	D:\ruanjian\IntelliJ IDEA Community Edition 2019.2.3\jbr\bin\api-ms-win-core-console-l1-1-0.dll
0x0000028c28000000 - 0x0000028c28003000 	D:\ruanjian\IntelliJ IDEA Community Edition 2019.2.3\jbr\bin\api-ms-win-core-datetime-l1-1-0.dll
0x0000028c44300000 - 0x0000028c44303000 	D:\ruanjian\IntelliJ IDEA Community Edition 2019.2.3\jbr\bin\api-ms-win-core-debug-l1-1-0.dll
0x0000028c44310000 - 0x0000028c44313000 	D:\ruanjian\IntelliJ IDEA Community Edition 2019.2.3\jbr\bin\api-ms-win-core-errorhandling-l1-1-0.dll
0x0000028c44320000 - 0x0000028c44324000 	D:\ruanjian\IntelliJ IDEA Community Edition 2019.2.3\jbr\bin\api-ms-win-core-file-l1-1-0.dll
0x0000028c44330000 - 0x0000028c44333000 	D:\ruanjian\IntelliJ IDEA Community Edition 2019.2.3\jbr\bin\api-ms-win-core-file-l1-2-0.dll
0x0000028c44340000 - 0x0000028c44343000 	D:\ruanjian\IntelliJ IDEA Community Edition 2019.2.3\jbr\bin\api-ms-win-core-file-l2-1-0.dll
0x0000028c44350000 - 0x0000028c44353000 	D:\ruanjian\IntelliJ IDEA Community Edition 2019.2.3\jbr\bin\api-ms-win-core-handle-l1-1-0.dll
0x0000028c44360000 - 0x0000028c44363000 	D:\ruanjian\IntelliJ IDEA Community Edition 2019.2.3\jbr\bin\api-ms-win-core-heap-l1-1-0.dll
0x0000028c44370000 - 0x0000028c44373000 	D:\ruanjian\IntelliJ IDEA Community Edition 2019.2.3\jbr\bin\api-ms-win-core-interlocked-l1-1-0.dll
0x0000028c44380000 - 0x0000028c44383000 	D:\ruanjian\IntelliJ IDEA Community Edition 2019.2.3\jbr\bin\api-ms-win-core-libraryloader-l1-1-0.dll
0x0000028c44390000 - 0x0000028c44393000 	D:\ruanjian\IntelliJ IDEA Community Edition 2019.2.3\jbr\bin\api-ms-win-core-localization-l1-2-0.dll
0x0000028c443a0000 - 0x0000028c443a3000 	D:\ruanjian\IntelliJ IDEA Community Edition 2019.2.3\jbr\bin\api-ms-win-core-memory-l1-1-0.dll
0x0000028c443b0000 - 0x0000028c443b3000 	D:\ruanjian\IntelliJ IDEA Community Edition 2019.2.3\jbr\bin\api-ms-win-core-namedpipe-l1-1-0.dll
0x0000028c443c0000 - 0x0000028c443c3000 	D:\ruanjian\IntelliJ IDEA Community Edition 2019.2.3\jbr\bin\api-ms-win-core-processenvironment-l1-1-0.dll
0x0000028c443d0000 - 0x0000028c443d3000 	D:\ruanjian\IntelliJ IDEA Community Edition 2019.2.3\jbr\bin\api-ms-win-core-processthreads-l1-1-0.dll
0x0000028c443e0000 - 0x0000028c443e3000 	D:\ruanjian\IntelliJ IDEA Community Edition 2019.2.3\jbr\bin\api-ms-win-core-processthreads-l1-1-1.dll
0x0000028c443f0000 - 0x0000028c443f3000 	D:\ruanjian\IntelliJ IDEA Community Edition 2019.2.3\jbr\bin\api-ms-win-core-profile-l1-1-0.dll
0x0000028c44400000 - 0x0000028c44403000 	D:\ruanjian\IntelliJ IDEA Community Edition 2019.2.3\jbr\bin\api-ms-win-core-rtlsupport-l1-1-0.dll
0x0000028c44410000 - 0x0000028c44413000 	D:\ruanjian\IntelliJ IDEA Community Edition 2019.2.3\jbr\bin\api-ms-win-core-string-l1-1-0.dll
0x0000028c44420000 - 0x0000028c44423000 	D:\ruanjian\IntelliJ IDEA Community Edition 2019.2.3\jbr\bin\api-ms-win-core-synch-l1-1-0.dll
0x0000028c44430000 - 0x0000028c44433000 	D:\ruanjian\IntelliJ IDEA Community Edition 2019.2.3\jbr\bin\api-ms-win-core-synch-l1-2-0.dll
0x0000028c44440000 - 0x0000028c44443000 	D:\ruanjian\IntelliJ IDEA Community Edition 2019.2.3\jbr\bin\api-ms-win-core-sysinfo-l1-1-0.dll
0x0000028c44450000 - 0x0000028c44453000 	D:\ruanjian\IntelliJ IDEA Community Edition 2019.2.3\jbr\bin\api-ms-win-core-timezone-l1-1-0.dll
0x0000028c44460000 - 0x0000028c44463000 	D:\ruanjian\IntelliJ IDEA Community Edition 2019.2.3\jbr\bin\api-ms-win-core-util-l1-1-0.dll
0x0000028c44470000 - 0x0000028c44473000 	D:\ruanjian\IntelliJ IDEA Community Edition 2019.2.3\jbr\bin\api-ms-win-crt-conio-l1-1-0.dll
0x0000028c44480000 - 0x0000028c44484000 	D:\ruanjian\IntelliJ IDEA Community Edition 2019.2.3\jbr\bin\api-ms-win-crt-convert-l1-1-0.dll
0x0000028c44490000 - 0x0000028c44493000 	D:\ruanjian\IntelliJ IDEA Community Edition 2019.2.3\jbr\bin\api-ms-win-crt-environment-l1-1-0.dll
0x0000028c444a0000 - 0x0000028c444a3000 	D:\ruanjian\IntelliJ IDEA Community Edition 2019.2.3\jbr\bin\api-ms-win-crt-filesystem-l1-1-0.dll
0x0000028c444b0000 - 0x0000028c444b3000 	D:\ruanjian\IntelliJ IDEA Community Edition 2019.2.3\jbr\bin\api-ms-win-crt-heap-l1-1-0.dll
0x0000028c444c0000 - 0x0000028c444c3000 	D:\ruanjian\IntelliJ IDEA Community Edition 2019.2.3\jbr\bin\api-ms-win-crt-locale-l1-1-0.dll
0x0000028c444d0000 - 0x0000028c444d5000 	D:\ruanjian\IntelliJ IDEA Community Edition 2019.2.3\jbr\bin\api-ms-win-crt-math-l1-1-0.dll
0x0000028c444e0000 - 0x0000028c444e5000 	D:\ruanjian\IntelliJ IDEA Community Edition 2019.2.3\jbr\bin\api-ms-win-crt-multibyte-l1-1-0.dll
0x0000028c444f0000 - 0x0000028c44500000 	D:\ruanjian\IntelliJ IDEA Community Edition 2019.2.3\jbr\bin\api-ms-win-crt-private-l1-1-0.dll
0x0000028c44500000 - 0x0000028c44503000 	D:\ruanjian\IntelliJ IDEA Community Edition 2019.2.3\jbr\bin\api-ms-win-crt-process-l1-1-0.dll
0x0000028c44510000 - 0x0000028c44514000 	D:\ruanjian\IntelliJ IDEA Community Edition 2019.2.3\jbr\bin\api-ms-win-crt-runtime-l1-1-0.dll
0x0000028c44520000 - 0x0000028c44524000 	D:\ruanjian\IntelliJ IDEA Community Edition 2019.2.3\jbr\bin\api-ms-win-crt-stdio-l1-1-0.dll
0x0000028c44530000 - 0x0000028c44534000 	D:\ruanjian\IntelliJ IDEA Community Edition 2019.2.3\jbr\bin\api-ms-win-crt-string-l1-1-0.dll
0x0000028c44540000 - 0x0000028c44543000 	D:\ruanjian\IntelliJ IDEA Community Edition 2019.2.3\jbr\bin\api-ms-win-crt-time-l1-1-0.dll
0x0000028c44550000 - 0x0000028c44553000 	D:\ruanjian\IntelliJ IDEA Community Edition 2019.2.3\jbr\bin\api-ms-win-crt-utility-l1-1-0.dll
0x00007ff8f5af0000 - 0x00007ff8f5bea000 	D:\ruanjian\IntelliJ IDEA Community Edition 2019.2.3\jbr\bin\ucrtbase.dll
0x00007ff8f4830000 - 0x00007ff8f4881000 	C:\Windows\System32\concrt140.dll
0x00007ff913c90000 - 0x00007ff913cb3000 	D:\ruanjian\IntelliJ IDEA Community Edition 2019.2.3\jbr\bin\prism_d3d.dll
0x00007ff9152b0000 - 0x00007ff915447000 	C:\WINDOWS\system32\d3d9.dll
0x00007ff91d390000 - 0x00007ff91d3b9000 	C:\WINDOWS\SYSTEM32\dwmapi.dll
0x00007ff91cde0000 - 0x00007ff91ce78000 	C:\WINDOWS\system32\uxtheme.dll
0x00007ff91f620000 - 0x00007ff91f802000 	C:\WINDOWS\System32\crypt32.dll
0x00007ff91ef90000 - 0x00007ff91efa2000 	C:\WINDOWS\System32\MSASN1.dll
0x00007ff91f510000 - 0x00007ff91f567000 	C:\WINDOWS\System32\WINTRUST.DLL
0x00007ff921900000 - 0x00007ff92191d000 	C:\WINDOWS\System32\imagehlp.dll
0x00007ff91e970000 - 0x00007ff91e987000 	C:\WINDOWS\SYSTEM32\CRYPTSP.dll
0x00007ff91e360000 - 0x00007ff91e393000 	C:\WINDOWS\system32\rsaenh.dll
0x00007ff91eaf0000 - 0x00007ff91eb15000 	C:\WINDOWS\SYSTEM32\bcrypt.dll
0x00007ff8faac0000 - 0x00007ff8fab05000 	D:\ruanjian\IntelliJ IDEA Community Edition 2019.2.3\jbr\bin\glass.dll
0x00007ff9201c0000 - 0x00007ff9202ad000 	C:\WINDOWS\System32\COMDLG32.dll
0x00007ff921fb0000 - 0x00007ff922101000 	C:\WINDOWS\System32\ole32.dll
0x00007ff921830000 - 0x00007ff9218f2000 	C:\WINDOWS\System32\OLEAUT32.dll
0x00007ff9227b0000 - 0x00007ff922923000 	C:\WINDOWS\System32\MSCTF.dll
0x00007ff8f78c0000 - 0x00007ff8f79ae000 	C:\WINDOWS\System32\DriverStore\FileRepository\nvlt.inf_amd64_b2022deee1f104cf\nvldumdx.dll
0x00007ff8dbf00000 - 0x00007ff8dd39b000 	C:\WINDOWS\System32\DriverStore\FileRepository\nvlt.inf_amd64_b2022deee1f104cf\nvd3dumx.dll
0x00007ff8f92e0000 - 0x00007ff8f9546000 	C:\WINDOWS\system32\nvspcap64.dll
0x00007ff91e050000 - 0x00007ff91e081000 	C:\WINDOWS\SYSTEM32\ntmarta.dll
0x00007ff8ed900000 - 0x00007ff8edaeb000 	C:\WINDOWS\System32\DriverStore\FileRepository\iigd_dch_base.inf_amd64_a5a132c6d8339491\igdumdim64.dll
0x00007ff8d6ae0000 - 0x00007ff8da05d000 	C:\WINDOWS\System32\DriverStore\FileRepository\iigd_dch_base.inf_amd64_a5a132c6d8339491\igd9dxva64.dll
0x00007ff912350000 - 0x00007ff912374000 	C:\WINDOWS\System32\DriverStore\FileRepository\iigd_dch_base.inf_amd64_a5a132c6d8339491\igdinfo64.dll
0x00007ff8e9f20000 - 0x00007ff8ebe21000 	C:\WINDOWS\System32\DriverStore\FileRepository\iigd_dch_base.inf_amd64_a5a132c6d8339491\igc64.dll
0x00007ff915680000 - 0x00007ff915694000 	D:\ruanjian\IntelliJ IDEA Community Edition 2019.2.3\jbr\bin\javafx_font.dll
0x00007ff8edaf0000 - 0x00007ff8edc91000 	D:\ruanjian\IntelliJ IDEA Community Edition 2019.2.3\jbr\bin\awt.dll
0x00007ff91b6d0000 - 0x00007ff91bc97000 	C:\WINDOWS\SYSTEM32\d2d1.dll
0x00007ff91cac0000 - 0x00007ff91cb4b000 	C:\WINDOWS\SYSTEM32\apphelp.dll
0x00007ff8f9ad0000 - 0x00007ff8f9b52000 	D:\ruanjian\IntelliJ IDEA Community Edition 2019.2.3\jbr\bin\freetype.dll
0x00007ff8f43a0000 - 0x00007ff8f4448000 	D:\ruanjian\IntelliJ IDEA Community Edition 2019.2.3\jbr\bin\fontmanager.dll
0x00007ff90d730000 - 0x00007ff90da4a000 	C:\WINDOWS\SYSTEM32\dwrite.dll
0x00007ff921d60000 - 0x00007ff921e00000 	C:\WINDOWS\System32\clbcatq.dll
0x00007ff918070000 - 0x00007ff91821e000 	C:\WINDOWS\SYSTEM32\WindowsCodecs.dll
0x00007ff9108c0000 - 0x00007ff910918000 	C:\WINDOWS\system32\dataexchange.dll
0x00007ff91bd30000 - 0x00007ff91becc000 	C:\WINDOWS\system32\dcomp.dll

dbghelp: loaded successfully - version: 4.0.5 - missing functions: none
symbol engine: initialized successfully - sym options: 0x614 - pdb path: .;D:\ruanjian\IntelliJ IDEA Community Edition 2019.2.3\jbr\bin;C:\WINDOWS\SYSTEM32;C:\WINDOWS\WinSxS\amd64_microsoft.windows.common-controls_6595b64144ccf1df_6.0.17134.1006_none_d3fbb8f77c940c3f;D:\ruanjian\IntelliJ IDEA Community Edition 2019.2.3\jbr\bin\server;D:\ruanjian\IntelliJ IDEA Community Edition 2019.2.3\bin;C:\WINDOWS\System32\DriverStore\FileRepository\nvlt.inf_amd64_b2022deee1f104cf;C:\WINDOWS\System32\DriverStore\FileRepository\iigd_dch_base.inf_amd64_a5a132c6d8339491;C:\Program Files\Common Files\Microsoft Shared\Ink

VM Arguments:
jvm_args: -javaagent:C:\Users\39452\.IdeaIC2019.2\system\testAgent\intellij-coverage-agent-1.0.508.jar=C:\Users\39452\AppData\Local\Temp\coverageargs -javaagent:D:\ruanjian\IntelliJ IDEA Community Edition 2019.2.3\lib\idea_rt.jar=55178:D:\ruanjian\IntelliJ IDEA Community Edition 2019.2.3\bin -Dfile.encoding=UTF-8 
java_command: sample.Main
java_class_path (initial): E:\桌面\作业\120级重要\大作业\3118004671黄贞茗\大作业\Java大作业工程文件\java\out\production\java
Launcher Type: SUN_STANDARD

[Global flags]
     intx CICompilerCount                          = 4                                         {product} {ergonomic}
     uint ConcGCThreads                            = 2                                         {product} {ergonomic}
     uint G1ConcRefinementThreads                  = 8                                         {product} {ergonomic}
   size_t G1HeapRegionSize                         = 1048576                                   {product} {ergonomic}
    uintx GCDrainStackTargetSize                   = 64                                        {product} {ergonomic}
   size_t InitialHeapSize                          = 134217728                                 {product} {ergonomic}
   size_t MarkStackSize                            = 4194304                                   {product} {ergonomic}
   size_t MaxHeapSize                              = 2116026368                                {product} {ergonomic}
   size_t MaxNewSize                               = 1268776960                                {product} {ergonomic}
   size_t MinHeapDeltaBytes                        = 1048576                                   {product} {ergonomic}
    uintx NonNMethodCodeHeapSize                   = 5835340                                {pd product} {ergonomic}
    uintx NonProfiledCodeHeapSize                  = 122911450                              {pd product} {ergonomic}
    uintx ProfiledCodeHeapSize                     = 122911450                              {pd product} {ergonomic}
    uintx ReservedCodeCacheSize                    = 251658240                              {pd product} {ergonomic}
     bool SegmentedCodeCache                       = true                                      {product} {ergonomic}
     bool UseCompressedClassPointers               = true                                 {lp64_product} {ergonomic}
     bool UseCompressedOops                        = true                                 {lp64_product} {ergonomic}
     bool UseG1GC                                  = true                                      {product} {ergonomic}
     bool UseLargePagesIndividualAllocation        = false                                  {pd product} {ergonomic}

Logging:
Log output configuration:
 #0: stdout all=warning uptime,level,tags
 #1: stderr all=off uptime,level,tags

Environment Variables:
JAVA_HOME=D:\ruanjian\java\jdk8
CLASSPATH=.
PATH=C:\ProgramData\Oracle\Java\javapath;C:\Program Files (x86)\Intel\Intel(R) Management Engine Components\iCLS\;C:\Program Files\Intel\Intel(R) Management Engine Components\iCLS\;C:\Windows\system32;C:\Windows;C:\Windows\System32\Wbem;C:\Windows\System32\WindowsPowerShell\v1.0\;C:\Program Files (x86)\Intel\Intel(R) Management Engine Components\DAL;C:\Program Files\Intel\Intel(R) Management Engine Components\DAL;C:\Program Files (x86)\Intel\Intel(R) Management Engine Components\IPT;C:\Program Files\Intel\Intel(R) Management Engine Components\IPT;C:\Program Files (x86)\NVIDIA Corporation\PhysX\Common;C:\WINDOWS\system32;C:\WINDOWS;C:\WINDOWS\System32\Wbem;C:\WINDOWS\System32\WindowsPowerShell\v1.0\;C:\WINDOWS\System32\OpenSSH\;C:\Program Files\dotnet\;C:\Program Files\Microsoft SQL Server\130\Tools\Binn\;D:\ruanjian\Git\cmd;D:\ruanjian\;D:\ruanjian\java\bin;D:\ruanjian\java\jdk8\bin;C:\Users\39452\AppData\Local\Microsoft\WindowsApps;D:\ruanjian\Microsoft VS Code\bin;C:\Users\39452\AppData\Local\GitHubDesktop\bin;C:\Users\39452\AppData\Roaming\npm
USERNAME=39452
OS=Windows_NT
PROCESSOR_IDENTIFIER=Intel64 Family 6 Model 158 Stepping 10, GenuineIntel



---------------  S Y S T E M  ---------------

OS: Windows 10 , 64 bit Build 17134 (10.0.17134.753)

CPU:total 8 (initial active 8) (4 cores per cpu, 2 threads per core) family 6 model 158 stepping 10, cmov, cx8, fxsr, mmx, sse, sse2, sse3, ssse3, sse4.1, sse4.2, popcnt, avx, avx2, aes, clmul, erms, 3dnowpref, lzcnt, ht, tsc, tscinvbit, bmi1, bmi2, adx, fma

Memory: 4k page, system-wide physical 8066M (1621M free)
TotalPageFile size 15489M (AvailPageFile size 5M)
current process WorkingSet (physical memory assigned to process): 181M, peak: 181M
current process commit charge ("private bytes"): 311M, peak: 315M

vm_info: OpenJDK 64-Bit Server VM (11.0.4+10-b304.69) for windows-amd64 JRE (11.0.4+10-b304.69), built on Sep  9 2019 11:39:50 by "" with MS VC++ 14.0 (VS2015)

END.
